# JRE version: Java(TM) SE Runtime Environment (8.0_25-b17) (build 1.8.0_25-b17)
# Java VM: Java HotSpot(TM) 64-Bit Server VM (25.25-b02 mixed mode bsd-amd64 compressed oops)
Heap:
 PSYoungGen      total 547840K, used 345235K [0x000000076ab00000, 0x0000000790300000, 0x00000007c0000000)
  eden space 513536K, 60% used [0x000000076ab00000,0x000000077daaafa8,0x000000078a080000)
  from space 34304K, 99% used [0x000000078cc80000,0x000000078edf9d50,0x000000078ee00000)
  to   space 45056K, 0% used [0x000000078a080000,0x000000078a080000,0x000000078cc80000)
 ParOldGen       total 175104K, used 47948K [0x00000006c0000000, 0x00000006cab00000, 0x000000076ab00000)
  object space 175104K, 27% used [0x00000006c0000000,0x00000006c2ed3358,0x00000006cab00000)
 Metaspace       used 20940K, capacity 21090K, committed 21296K, reserved 1067008K
  class space    used 2779K, capacity 2829K, committed 2864K, reserved 1048576K
GC Heap History (10 events):
Event: 1.142 GC heap before
{Heap before GC invocations=2 (full 0):
 PSYoungGen      total 76288K, used 76273K [0x000000076ab00000, 0x0000000774000000, 0x00000007c0000000)
  eden space 65536K, 100% used [0x000000076ab00000,0x000000076eb00000,0x000000076eb00000)
  from space 10752K, 99% used [0x000000076eb00000,0x000000076f57c608,0x000000076f580000)
  to   space 10752K, 0% used [0x0000000773580000,0x0000000773580000,0x0000000774000000)
 ParOldGen       total 175104K, used 505K [0x00000006c0000000, 0x00000006cab00000, 0x000000076ab00000)
  object space 175104K, 0% used [0x00000006c0000000,0x00000006c007e408,0x00000006cab00000)
 Metaspace       used 12069K, capacity 12170K, committed 12416K, reserved 1060864K
  class space    used 1314K, capacity 1349K, committed 1408K, reserved 1048576K
Event: 1.151 GC heap after
Heap after GC invocations=2 (full 0):
 PSYoungGen      total 141824K, used 10744K [0x000000076ab00000, 0x0000000774000000, 0x00000007c0000000)
  eden space 131072K, 0% used [0x000000076ab00000,0x000000076ab00000,0x0000000772b00000)
  from space 10752K, 99% used [0x0000000773580000,0x0000000773ffe0a0,0x0000000774000000)
  to   space 10752K, 0% used [0x0000000772b00000,0x0000000772b00000,0x0000000773580000)
 ParOldGen       total 175104K, used 3694K [0x00000006c0000000, 0x00000006cab00000, 0x000000076ab00000)
  object space 175104K, 2% used [0x00000006c0000000,0x00000006c039b840,0x00000006cab00000)
 Metaspace       used 12069K, capacity 12170K, committed 12416K, reserved 1060864K
  class space    used 1314K, capacity 1349K, committed 1408K, reserved 1048576K
}
Event: 1.617 GC heap before
{Heap before GC invocations=3 (full 0):
 PSYoungGen      total 141824K, used 141816K [0x000000076ab00000, 0x0000000774000000, 0x00000007c0000000)
  eden space 131072K, 100% used [0x000000076ab00000,0x0000000772b00000,0x0000000772b00000)
  from space 10752K, 99% used [0x0000000773580000,0x0000000773ffe0a0,0x0000000774000000)
  to   space 10752K, 0% used [0x0000000772b00000,0x0000000772b00000,0x0000000773580000)
 ParOldGen       total 175104K, used 3694K [0x00000006c0000000, 0x00000006cab00000, 0x000000076ab00000)
  object space 175104K, 2% used [0x00000006c0000000,0x00000006c039b840,0x00000006cab00000)
 Metaspace       used 12082K, capacity 12170K, committed 12416K, reserved 1060864K
  class space    used 1315K, capacity 1349K, committed 1408K, reserved 1048576K
Event: 1.628 GC heap after
Heap after GC invocations=3 (full 0):
 PSYoungGen      total 141824K, used 10725K [0x000000076ab00000, 0x000000077c000000, 0x00000007c0000000)
  eden space 131072K, 0% used [0x000000076ab00000,0x000000076ab00000,0x0000000772b00000)
  from space 10752K, 99% used [0x0000000772b00000,0x00000007735795d8,0x0000000773580000)
  to   space 10752K, 0% used [0x000000077b580000,0x000000077b580000,0x000000077c000000)
 ParOldGen       total 175104K, used 6332K [0x00000006c0000000, 0x00000006cab00000, 0x000000076ab00000)
  object space 175104K, 3% used [0x00000006c0000000,0x00000006c062f370,0x00000006cab00000)
 Metaspace       used 12082K, capacity 12170K, committed 12416K, reserved 1060864K
  class space    used 1315K, capacity 1349K, committed 1408K, reserved 1048576K
}
Event: 1.886 GC heap before
{Heap before GC invocations=4 (full 0):
 PSYoungGen      total 141824K, used 141797K [0x000000076ab00000, 0x000000077c000000, 0x00000007c0000000)
  eden space 131072K, 100% used [0x000000076ab00000,0x0000000772b00000,0x0000000772b00000)
  from space 10752K, 99% used [0x0000000772b00000,0x00000007735795d8,0x0000000773580000)
  to   space 10752K, 0% used [0x000000077b580000,0x000000077b580000,0x000000077c000000)
 ParOldGen       total 175104K, used 6332K [0x00000006c0000000, 0x00000006cab00000, 0x000000076ab00000)
  object space 175104K, 3% used [0x00000006c0000000,0x00000006c062f370,0x00000006cab00000)
 Metaspace       used 12086K, capacity 12170K, committed 12416K, reserved 1060864K
  class space    used 1315K, capacity 1349K, committed 1408K, reserved 1048576K
Event: 1.897 GC heap after
Heap after GC invocations=4 (full 0):
 PSYoungGen      total 272896K, used 10748K [0x000000076ab00000, 0x000000077c000000, 0x00000007c0000000)
  eden space 262144K, 0% used [0x000000076ab00000,0x000000076ab00000,0x000000077ab00000)
  from space 10752K, 99% used [0x000000077b580000,0x000000077bfff0a0,0x000000077c000000)
  to   space 10752K, 0% used [0x000000077ab00000,0x000000077ab00000,0x000000077b580000)
 ParOldGen       total 175104K, used 9806K [0x00000006c0000000, 0x00000006cab00000, 0x000000076ab00000)
  object space 175104K, 5% used [0x00000006c0000000,0x00000006c0993b70,0x00000006cab00000)
 Metaspace       used 12086K, capacity 12170K, committed 12416K, reserved 1060864K
  class space    used 1315K, capacity 1349K, committed 1408K, reserved 1048576K
}
Event: 2.525 GC heap before
{Heap before GC invocations=5 (full 0):
 PSYoungGen      total 272896K, used 272892K [0x000000076ab00000, 0x000000077c000000, 0x00000007c0000000)
  eden space 262144K, 100% used [0x000000076ab00000,0x000000077ab00000,0x000000077ab00000)
  from space 10752K, 99% used [0x000000077b580000,0x000000077bfff0a0,0x000000077c000000)
  to   space 10752K, 0% used [0x000000077ab00000,0x000000077ab00000,0x000000077b580000)
 ParOldGen       total 175104K, used 9806K [0x00000006c0000000, 0x00000006cab00000, 0x000000076ab00000)
  object space 175104K, 5% used [0x00000006c0000000,0x00000006c0993b70,0x00000006cab00000)
 Metaspace       used 12108K, capacity 12234K, committed 12416K, reserved 1060864K
  class space    used 1315K, capacity 1349K, committed 1408K, reserved 1048576K
Event: 2.560 GC heap after
Heap after GC invocations=5 (full 0):
 PSYoungGen      total 272896K, used 10728K [0x000000076ab00000, 0x000000078ee00000, 0x00000007c0000000)
  eden space 262144K, 0% used [0x000000076ab00000,0x000000076ab00000,0x000000077ab00000)
  from space 10752K, 99% used [0x000000077ab00000,0x000000077b57a2a0,0x000000077b580000)
  to   space 34304K, 0% used [0x000000078cc80000,0x000000078cc80000,0x000000078ee00000)
 ParOldGen       total 175104K, used 40732K [0x00000006c0000000, 0x00000006cab00000, 0x000000076ab00000)
  object space 175104K, 23% used [0x00000006c0000000,0x00000006c27c7198,0x00000006cab00000)
 Metaspace       used 12108K, capacity 12234K, committed 12416K, reserved 1060864K
  class space    used 1315K, capacity 1349K, committed 1408K, reserved 1048576K
}
Event: 3.118 GC heap before
{Heap before GC invocations=6 (full 0):
 PSYoungGen      total 272896K, used 272872K [0x000000076ab00000, 0x000000078ee00000, 0x00000007c0000000)
  eden space 262144K, 100% used [0x000000076ab00000,0x000000077ab00000,0x000000077ab00000)
  from space 10752K, 99% used [0x000000077ab00000,0x000000077b57a2a0,0x000000077b580000)
  to   space 34304K, 0% used [0x000000078cc80000,0x000000078cc80000,0x000000078ee00000)
 ParOldGen       total 175104K, used 40732K [0x00000006c0000000, 0x00000006cab00000, 0x000000076ab00000)
  object space 175104K, 23% used [0x00000006c0000000,0x00000006c27c7198,0x00000006cab00000)
 Metaspace       used 12144K, capacity 12234K, committed 12416K, reserved 1060864K
  class space    used 1315K, capacity 1349K, committed 1408K, reserved 1048576K
Event: 3.149 GC heap after
Heap after GC invocations=6 (full 0):
 PSYoungGen      total 547840K, used 34279K [0x000000076ab00000, 0x0000000790300000, 0x00000007c0000000)
  eden space 513536K, 0% used [0x000000076ab00000,0x000000076ab00000,0x000000078a080000)
  from space 34304K, 99% used [0x000000078cc80000,0x000000078edf9d50,0x000000078ee00000)
  to   space 45056K, 0% used [0x000000078a080000,0x000000078a080000,0x000000078cc80000)
 ParOldGen       total 175104K, used 47948K [0x00000006c0000000, 0x00000006cab00000, 0x000000076ab00000)
  object space 175104K, 27% used [0x00000006c0000000,0x00000006c2ed3358,0x00000006cab00000)
 Metaspace       used 12144K, capacity 12234K, committed 12416K, reserved 1060864K
  class space    used 1315K, capacity 1349K, committed 1408K, reserved 1048576K
}

